<?xml version="1.0" encoding="UTF-8"?>
<!-- Generated by org.testng.reporters.JUnitReportReporter -->
<testsuite hostname="JOBITO" failures="0" tests="2" name="tests.LoingTest" time="14.496" errors="0" timestamp="2023-09-20T08:08:54 IST" skipped="0">
  <testcase classname="tests.LoingTest" name="validateLogin" time="4.261"/>
  <testcase classname="tests.LoingTest" name="checkLoginFuncitonality" time="10.235"/>
</testsuite> <!-- tests.LoingTest -->
